<?xml version="1.0" encoding="UTF-8"?>
<testsuite name="com.example.kometsales.FlowerServiceTest" tests="1" skipped="0" failures="0" errors="0" timestamp="2023-05-07T05:00:21" hostname="DESKTOP-63CDM0B" time="0.242">
  <properties/>
  <testcase name="getAllFlowersTest()" classname="com.example.kometsales.FlowerServiceTest" time="0.242"/>
  <system-out><![CDATA[00:00:13.923 [Test worker] DEBUG org.springframework.test.context.BootstrapUtils - Instantiating CacheAwareContextLoaderDelegate from class [org.springframework.test.context.cache.DefaultCacheAwareContextLoaderDelegate]
00:00:13.932 [Test worker] DEBUG org.springframework.test.context.BootstrapUtils - Instantiating BootstrapContext using constructor [public org.springframework.test.context.support.DefaultBootstrapContext(java.lang.Class,org.springframework.test.context.CacheAwareContextLoaderDelegate)]
00:00:13.967 [Test worker] DEBUG org.springframework.test.context.BootstrapUtils - Instantiating TestContextBootstrapper for test class [com.example.kometsales.FlowerServiceTest] from class [org.springframework.boot.test.context.SpringBootTestContextBootstrapper]
00:00:13.982 [Test worker] INFO org.springframework.boot.test.context.SpringBootTestContextBootstrapper - Neither @ContextConfiguration nor @ContextHierarchy found for test class [com.example.kometsales.FlowerServiceTest], using SpringBootContextLoader
00:00:13.985 [Test worker] DEBUG org.springframework.test.context.support.AbstractContextLoader - Did not detect default resource location for test class [com.example.kometsales.FlowerServiceTest]: class path resource [com/example/kometsales/FlowerServiceTest-context.xml] does not exist
00:00:13.987 [Test worker] DEBUG org.springframework.test.context.support.AbstractContextLoader - Did not detect default resource location for test class [com.example.kometsales.FlowerServiceTest]: class path resource [com/example/kometsales/FlowerServiceTestContext.groovy] does not exist
00:00:13.987 [Test worker] INFO org.springframework.test.context.support.AbstractContextLoader - Could not detect default resource locations for test class [com.example.kometsales.FlowerServiceTest]: no resource found for suffixes {-context.xml, Context.groovy}.
00:00:13.988 [Test worker] INFO org.springframework.test.context.support.AnnotationConfigContextLoaderUtils - Could not detect default configuration classes for test class [com.example.kometsales.FlowerServiceTest]: FlowerServiceTest does not declare any static, non-private, non-final, nested classes annotated with @Configuration.
00:00:14.031 [Test worker] DEBUG org.springframework.test.context.support.ActiveProfilesUtils - Could not find an 'annotation declaring class' for annotation type [org.springframework.test.context.ActiveProfiles] and class [com.example.kometsales.FlowerServiceTest]
00:00:14.097 [Test worker] DEBUG org.springframework.context.annotation.ClassPathScanningCandidateComponentProvider - Identified candidate component class: file [G:\00-WorkSpace\IdeaProjects\PruebaTecnicaKometSales\KometSales\services\build\classes\java\main\com\example\kometsales\ServicesApplication.class]
00:00:14.099 [Test worker] INFO org.springframework.boot.test.context.SpringBootTestContextBootstrapper - Found @SpringBootConfiguration com.example.kometsales.ServicesApplication for test class com.example.kometsales.FlowerServiceTest
00:00:14.198 [Test worker] DEBUG org.springframework.boot.test.context.SpringBootTestContextBootstrapper - @TestExecutionListeners is not present for class [com.example.kometsales.FlowerServiceTest]: using defaults.
00:00:14.199 [Test worker] INFO org.springframework.boot.test.context.SpringBootTestContextBootstrapper - Loaded default TestExecutionListener class names from location [META-INF/spring.factories]: [org.springframework.boot.test.autoconfigure.restdocs.RestDocsTestExecutionListener, org.springframework.boot.test.autoconfigure.web.client.MockRestServiceServerResetTestExecutionListener, org.springframework.boot.test.autoconfigure.web.servlet.MockMvcPrintOnlyOnFailureTestExecutionListener, org.springframework.boot.test.autoconfigure.web.servlet.WebDriverTestExecutionListener, org.springframework.boot.test.autoconfigure.webservices.client.MockWebServiceServerTestExecutionListener, org.springframework.boot.test.mock.mockito.MockitoTestExecutionListener, org.springframework.boot.test.mock.mockito.ResetMocksTestExecutionListener, org.springframework.test.context.web.ServletTestExecutionListener, org.springframework.test.context.support.DirtiesContextBeforeModesTestExecutionListener, org.springframework.test.context.event.ApplicationEventsTestExecutionListener, org.springframework.test.context.support.DependencyInjectionTestExecutionListener, org.springframework.test.context.support.DirtiesContextTestExecutionListener, org.springframework.test.context.transaction.TransactionalTestExecutionListener, org.springframework.test.context.jdbc.SqlScriptsTestExecutionListener, org.springframework.test.context.event.EventPublishingTestExecutionListener]
00:00:14.217 [Test worker] INFO org.springframework.boot.test.context.SpringBootTestContextBootstrapper - Using TestExecutionListeners: [org.springframework.test.context.web.ServletTestExecutionListener@3f2049b6, org.springframework.test.context.support.DirtiesContextBeforeModesTestExecutionListener@10b3df93, org.springframework.test.context.event.ApplicationEventsTestExecutionListener@ea27e34, org.springframework.boot.test.mock.mockito.MockitoTestExecutionListener@33a2499c, org.springframework.boot.test.autoconfigure.SpringBootDependencyInjectionTestExecutionListener@e72dba7, org.springframework.test.context.support.DirtiesContextTestExecutionListener@33c2bd, org.springframework.test.context.transaction.TransactionalTestExecutionListener@1dfd5f51, org.springframework.test.context.jdbc.SqlScriptsTestExecutionListener@3c321bdb, org.springframework.test.context.event.EventPublishingTestExecutionListener@24855019, org.springframework.boot.test.autoconfigure.restdocs.RestDocsTestExecutionListener@3abd581e, org.springframework.boot.test.autoconfigure.web.client.MockRestServiceServerResetTestExecutionListener@4d4d8fcf, org.springframework.boot.test.autoconfigure.web.servlet.MockMvcPrintOnlyOnFailureTestExecutionListener@610db97e, org.springframework.boot.test.autoconfigure.web.servlet.WebDriverTestExecutionListener@6f0628de, org.springframework.boot.test.autoconfigure.webservices.client.MockWebServiceServerTestExecutionListener@3fabf088, org.springframework.boot.test.mock.mockito.ResetMocksTestExecutionListener@1e392345]
00:00:14.223 [Test worker] DEBUG org.springframework.test.context.support.AbstractDirtiesContextTestExecutionListener - Before test class: context [DefaultTestContext@50d68830 testClass = FlowerServiceTest, testInstance = [null], testMethod = [null], testException = [null], mergedContextConfiguration = [WebMergedContextConfiguration@1e53135d testClass = FlowerServiceTest, locations = '{}', classes = '{class com.example.kometsales.ServicesApplication}', contextInitializerClasses = '[]', activeProfiles = '{}', propertySourceLocations = '{}', propertySourceProperties = '{org.springframework.boot.test.context.SpringBootTestContextBootstrapper=true}', contextCustomizers = set[org.springframework.boot.test.autoconfigure.actuate.metrics.MetricsExportContextCustomizerFactory$DisableMetricExportContextCustomizer@505a9d7c, org.springframework.boot.test.autoconfigure.properties.PropertyMappingContextCustomizer@0, org.springframework.boot.test.autoconfigure.web.servlet.WebDriverContextCustomizerFactory$Customizer@7b324585, org.springframework.boot.test.context.filter.ExcludeFilterContextCustomizer@5974109, org.springframework.boot.test.json.DuplicateJsonObjectContextCustomizerFactory$DuplicateJsonObjectContextCustomizer@75c9e76b, org.springframework.boot.test.mock.mockito.MockitoContextCustomizer@0, org.springframework.boot.test.web.client.TestRestTemplateContextCustomizer@7a791b66, org.springframework.boot.test.context.SpringBootTestArgs@1, org.springframework.boot.test.context.SpringBootTestWebEnvironment@33f676f6], resourceBasePath = 'src/main/webapp', contextLoader = 'org.springframework.boot.test.context.SpringBootContextLoader', parent = [null]], attributes = map['org.springframework.test.context.web.ServletTestExecutionListener.activateListener' -> true]], class annotated with @DirtiesContext [false] with mode [null].

  .   ____          _            __ _ _
 /\\ / ___'_ __ _ _(_)_ __  __ _ \ \ \ \
( ( )\___ | '_ | '_| | '_ \/ _` | \ \ \ \
 \\/  ___)| |_)| | | | | || (_| |  ) ) ) )
  '  |____| .__|_| |_|_| |_\__, | / / / /
 =========|_|==============|___/=/_/_/_/
 :: Spring Boot ::               (v2.7.11)

2023-05-07 00:00:14.637  INFO 33484 --- [    Test worker] c.example.kometsales.FlowerServiceTest   : Starting FlowerServiceTest using Java 11.0.15 on DESKTOP-63CDM0B with PID 33484 (started by MirandaxD in G:\00-WorkSpace\IdeaProjects\PruebaTecnicaKometSales\KometSales\services)
2023-05-07 00:00:14.642  INFO 33484 --- [    Test worker] c.example.kometsales.FlowerServiceTest   : No active profile set, falling back to 1 default profile: "default"
2023-05-07 00:00:15.434  INFO 33484 --- [    Test worker] .s.d.r.c.RepositoryConfigurationDelegate : Bootstrapping Spring Data JPA repositories in DEFAULT mode.
2023-05-07 00:00:15.451  INFO 33484 --- [    Test worker] .s.d.r.c.RepositoryConfigurationDelegate : Finished Spring Data repository scanning in 7 ms. Found 0 JPA repository interfaces.
2023-05-07 00:00:16.126  INFO 33484 --- [    Test worker] o.hibernate.jpa.internal.util.LogHelper  : HHH000204: Processing PersistenceUnitInfo [name: default]
2023-05-07 00:00:16.187  INFO 33484 --- [    Test worker] org.hibernate.Version                    : HHH000412: Hibernate ORM core version 5.6.15.Final
2023-05-07 00:00:16.384  INFO 33484 --- [    Test worker] o.hibernate.annotations.common.Version   : HCANN000001: Hibernate Commons Annotations {5.1.2.Final}
2023-05-07 00:00:16.509  INFO 33484 --- [    Test worker] com.zaxxer.hikari.HikariDataSource       : HikariPool-1 - Starting...
2023-05-07 00:00:17.210  INFO 33484 --- [    Test worker] com.zaxxer.hikari.HikariDataSource       : HikariPool-1 - Start completed.
2023-05-07 00:00:17.391  INFO 33484 --- [    Test worker] org.hibernate.dialect.Dialect            : HHH000400: Using dialect: org.hibernate.dialect.MySQL8Dialect
Hibernate: drop table if exists flower
Hibernate: drop table if exists flower_seq
Hibernate: create table flower (id bigint not null, name varchar(255), price double precision, primary key (id)) engine=InnoDB
Hibernate: create table flower_seq (next_val bigint) engine=InnoDB
Hibernate: insert into flower_seq values ( 1 )
2023-05-07 00:00:18.889  INFO 33484 --- [    Test worker] o.h.e.t.j.p.i.JtaPlatformInitiator       : HHH000490: Using JtaPlatform implementation: [org.hibernate.engine.transaction.jta.platform.internal.NoJtaPlatform]
2023-05-07 00:00:18.901  INFO 33484 --- [    Test worker] j.LocalContainerEntityManagerFactoryBean : Initialized JPA EntityManagerFactory for persistence unit 'default'
2023-05-07 00:00:19.424  WARN 33484 --- [    Test worker] JpaBaseConfiguration$JpaWebConfiguration : spring.jpa.open-in-view is enabled by default. Therefore, database queries may be performed during view rendering. Explicitly configure spring.jpa.open-in-view to disable this warning
2023-05-07 00:00:21.720  INFO 33484 --- [    Test worker] c.example.kometsales.FlowerServiceTest   : Started FlowerServiceTest in 7.464 seconds (JVM running for 9.054)
]]></system-out>
  <system-err><![CDATA[]]></system-err>
</testsuite>
